0 info it worked if it ends with ok
1 verbose cli [ '/Users/josephvalentine/.nvm/versions/node/v6.11.1/bin/node',
1 verbose cli   '/Users/josephvalentine/.nvm/versions/node/v6.11.1/bin/npm',
1 verbose cli   'start' ]
2 info using npm@3.10.10
3 info using node@v6.11.1
4 verbose run-script [ 'prestart', 'start', 'poststart' ]
5 info lifecycle google-buddy@1.0.0~prestart: google-buddy@1.0.0
6 silly lifecycle google-buddy@1.0.0~prestart: no script for prestart, continuing
7 info lifecycle google-buddy@1.0.0~start: google-buddy@1.0.0
8 verbose lifecycle google-buddy@1.0.0~start: unsafe-perm in lifecycle true
9 verbose lifecycle google-buddy@1.0.0~start: PATH: /Users/josephvalentine/.nvm/versions/node/v6.11.1/lib/node_modules/npm/bin/node-gyp-bin:/Users/josephvalentine/code/googleBuddy/node_modules/.bin:/Users/josephvalentine/exec/bin/bash/google-cloud-sdk/bin:/Users/josephvalentine/.nvm/versions/node/v6.11.1/bin:/usr/local/bin:/usr/local/sbin:/usr/local/bin:/usr/bin:/bin:/usr/sbin:/sbin:/opt/X11/bin:/Library/Frameworks/Mono.framework/Versions/Current/Commands
10 verbose lifecycle google-buddy@1.0.0~start: CWD: /Users/josephvalentine/code/googleBuddy
11 silly lifecycle google-buddy@1.0.0~start: Args: [ '-c', 'node scraper.js' ]
12 silly lifecycle google-buddy@1.0.0~start: Returned: code: 1  signal: null
13 info lifecycle google-buddy@1.0.0~start: Failed to exec start script
14 verbose stack Error: google-buddy@1.0.0 start: `node scraper.js`
14 verbose stack Exit status 1
14 verbose stack     at EventEmitter.<anonymous> (/Users/josephvalentine/.nvm/versions/node/v6.11.1/lib/node_modules/npm/lib/utils/lifecycle.js:255:16)
14 verbose stack     at emitTwo (events.js:106:13)
14 verbose stack     at EventEmitter.emit (events.js:191:7)
14 verbose stack     at ChildProcess.<anonymous> (/Users/josephvalentine/.nvm/versions/node/v6.11.1/lib/node_modules/npm/lib/utils/spawn.js:40:14)
14 verbose stack     at emitTwo (events.js:106:13)
14 verbose stack     at ChildProcess.emit (events.js:191:7)
14 verbose stack     at maybeClose (internal/child_process.js:891:16)
14 verbose stack     at Process.ChildProcess._handle.onexit (internal/child_process.js:226:5)
15 verbose pkgid google-buddy@1.0.0
16 verbose cwd /Users/josephvalentine/code/googleBuddy
17 error Darwin 17.4.0
18 error argv "/Users/josephvalentine/.nvm/versions/node/v6.11.1/bin/node" "/Users/josephvalentine/.nvm/versions/node/v6.11.1/bin/npm" "start"
19 error node v6.11.1
20 error npm  v3.10.10
21 error code ELIFECYCLE
22 error google-buddy@1.0.0 start: `node scraper.js`
22 error Exit status 1
23 error Failed at the google-buddy@1.0.0 start script 'node scraper.js'.
23 error Make sure you have the latest version of node.js and npm installed.
23 error If you do, this is most likely a problem with the google-buddy package,
23 error not with npm itself.
23 error Tell the author that this fails on your system:
23 error     node scraper.js
23 error You can get information on how to open an issue for this project with:
23 error     npm bugs google-buddy
23 error Or if that isn't available, you can get their info via:
23 error     npm owner ls google-buddy
23 error There is likely additional logging output above.
24 verbose exit [ 1, true ]
